<?xml version="1.0" encoding="UTF-8"?>
<testng-results ignored="0" total="2" passed="2" failed="0" skipped="0">
  <reporter-output>
  </reporter-output>
  <suite started-at="2023-12-22T17:10:56 IST" name="Default suite" finished-at="2023-12-22T17:11:06 IST" duration-ms="9489">
    <groups>
    </groups>
    <test started-at="2023-12-22T17:10:56 IST" name="Default test" finished-at="2023-12-22T17:11:06 IST" duration-ms="9489">
      <class name="test.FaceBookLoginTest">
        <test-method is-config="true" signature="configureReports()[pri:0, instance:test.FaceBookLoginTest@799f10e1]" started-at="2023-12-22T17:10:56 IST" name="configureReports" finished-at="2023-12-22T17:10:57 IST" duration-ms="265" status="PASS">
          <reporter-output>
          </reporter-output>
        </test-method> <!-- configureReports -->
        <test-method is-config="true" signature="openBrowser()[pri:0, instance:test.FaceBookLoginTest@799f10e1]" started-at="2023-12-22T17:10:57 IST" name="openBrowser" finished-at="2023-12-22T17:11:01 IST" duration-ms="4011" status="PASS">
          <reporter-output>
          </reporter-output>
        </test-method> <!-- openBrowser -->
        <test-method signature="LoginWithValidUserNameAndPassword()[pri:1, instance:test.FaceBookLoginTest@799f10e1]" started-at="2023-12-22T17:11:01 IST" name="LoginWithValidUserNameAndPassword" finished-at="2023-12-22T17:11:01 IST" duration-ms="513" status="PASS">
          <reporter-output>
          </reporter-output>
        </test-method> <!-- LoginWithValidUserNameAndPassword -->
        <test-method is-config="true" signature="addTestStatus(org.testng.ITestResult)[pri:0, instance:test.FaceBookLoginTest@799f10e1]" started-at="2023-12-22T17:11:01 IST" name="addTestStatus" finished-at="2023-12-22T17:11:01 IST" duration-ms="10" status="PASS">
          <params>
            <param index="0">
              <value>
                <![CDATA[[TestResult name=LoginWithValidUserNameAndPassword status=SUCCESS method=FaceBookLoginTest.LoginWithValidUserNameAndPassword()[pri:1, instance:test.FaceBookLoginTest@799f10e1] output={null}]]]>
              </value>
            </param>
          </params>
          <reporter-output>
          </reporter-output>
        </test-method> <!-- addTestStatus -->
        <test-method is-config="true" signature="openBrowser()[pri:0, instance:test.FaceBookLoginTest@799f10e1]" started-at="2023-12-22T17:11:01 IST" name="openBrowser" finished-at="2023-12-22T17:11:05 IST" duration-ms="3485" status="PASS">
          <reporter-output>
          </reporter-output>
        </test-method> <!-- openBrowser -->
        <test-method signature="LoginWithInvalidUserNameAndValidPass()[pri:2, instance:test.FaceBookLoginTest@799f10e1]" started-at="2023-12-22T17:11:05 IST" name="LoginWithInvalidUserNameAndValidPass" finished-at="2023-12-22T17:11:05 IST" duration-ms="378" status="PASS">
          <reporter-output>
          </reporter-output>
        </test-method> <!-- LoginWithInvalidUserNameAndValidPass -->
        <test-method is-config="true" signature="addTestStatus(org.testng.ITestResult)[pri:0, instance:test.FaceBookLoginTest@799f10e1]" started-at="2023-12-22T17:11:05 IST" name="addTestStatus" finished-at="2023-12-22T17:11:05 IST" duration-ms="2" status="PASS">
          <params>
            <param index="0">
              <value>
                <![CDATA[[TestResult name=LoginWithInvalidUserNameAndValidPass status=SUCCESS method=FaceBookLoginTest.LoginWithInvalidUserNameAndValidPass()[pri:2, instance:test.FaceBookLoginTest@799f10e1] output={null}]]]>
              </value>
            </param>
          </params>
          <reporter-output>
          </reporter-output>
        </test-method> <!-- addTestStatus -->
        <test-method is-config="true" signature="publishReports()[pri:0, instance:test.FaceBookLoginTest@799f10e1]" started-at="2023-12-22T17:11:05 IST" name="publishReports" finished-at="2023-12-22T17:11:06 IST" duration-ms="761" status="PASS">
          <reporter-output>
          </reporter-output>
        </test-method> <!-- publishReports -->
      </class> <!-- test.FaceBookLoginTest -->
    </test> <!-- Default test -->
  </suite> <!-- Default suite -->
</testng-results>
